#
# There is insufficient memory for the Java Runtime Environment to continue.
# Native memory allocation (malloc) failed to allocate 1662096 bytes for Chunk::new
# Possible reasons:
#   The system is out of physical RAM or swap space
#   The process is running with CompressedOops enabled, and the Java Heap may be blocking the growth of the native heap
# Possible solutions:
#   Reduce memory load on the system
#   Increase physical memory or swap space
#   Check if swap backing store is full
#   Decrease Java heap size (-Xmx/-Xms)
#   Decrease number of Java threads
#   Decrease Java thread stack sizes (-Xss)
#   Set larger code cache with -XX:ReservedCodeCacheSize=
#   JVM is running with Unscaled Compressed Oops mode in which the Java heap is
#     placed in the first 4GB address space. The Java Heap base address is the
#     maximum limit for the native heap growth. Please use -XX:HeapBaseMinAddress
#     to set the Java Heap base and to place the Java Heap above 4GB virtual address.
# This output file may be truncated or incomplete.
#
#  Out of Memory Error (./open/src/hotspot/share/memory/arena.cpp:197), pid=4540, tid=5124
#
# JRE version: Java(TM) SE Runtime Environment 18.9 (11.0.18+9) (build 11.0.18+9-LTS-195)
# Java VM: Java HotSpot(TM) 64-Bit Server VM 18.9 (11.0.18+9-LTS-195, mixed mode, tiered, compressed oops, g1 gc, windows-amd64)
# No core dump will be written. Minidumps are not enabled by default on client versions of Windows
#

---------------  S U M M A R Y ------------

Command Line: -ea -Dfile.encoding=UTF-8 -Dstdout.encoding=UTF-8 -Dstderr.encoding=UTF-8 org.testng.remote.RemoteTestNG -serport 56342 -protocol json -d C:\Users\gnsan\eclipse-workspace\ApiAutomationUsingRest-Assured\test-output C:\Users\gnsan\AppData\Local\Temp\testng-eclipse-1880283399\testng-customsuite.xml

Host: Intel(R) Core(TM) i5-6200U CPU @ 2.30GHz, 4 cores, 7G,  Windows 10 , 64 bit Build 19041 (10.0.19041.3636)
Time: Mon Feb 12 14:03:49 2024 India Standard Time elapsed time: 5.064581 seconds (0d 0h 0m 5s)

---------------  T H R E A D  ---------------

Current thread (0x000001931562c800):  JavaThread "C2 CompilerThread0" daemon [_thread_in_native, id=5124, stack(0x0000002793800000,0x0000002793900000)]


Current CompileTask:
C2:   5064 3295   !   4       com.sun.beans.TypeResolver::resolve (261 bytes)

Stack: [0x0000002793800000,0x0000002793900000]
Native frames: (J=compiled Java code, j=interpreted, Vv=VM code, C=native code)
V  [jvm.dll+0x65d8aa]
V  [jvm.dll+0x79fc1f]
V  [jvm.dll+0x7a12e9]
V  [jvm.dll+0x7a1983]
V  [jvm.dll+0x2585b5]
V  [jvm.dll+0xb284c]
V  [jvm.dll+0xb2e0c]
V  [jvm.dll+0x365e21]
V  [jvm.dll+0x1a2232]
V  [jvm.dll+0x2114fd]
V  [jvm.dll+0x210378]
V  [jvm.dll+0x18c641]
V  [jvm.dll+0x220609]
V  [jvm.dll+0x21e92c]
V  [jvm.dll+0x763f61]
V  [jvm.dll+0x75c924]
V  [jvm.dll+0x65c755]
C  [ucrtbase.dll+0x21bb2]
C  [KERNEL32.DLL+0x17344]
C  [ntdll.dll+0x526b1]


---------------  P R O C E S S  ---------------

Threads class SMR info:
_java_thread_list=0x0000019318dee4e0, length=15, elements={
0x0000019377e6c000, 0x0000019315613800, 0x000001931561e800, 0x0000019315f92800,
0x0000019315f93000, 0x0000019315629800, 0x000001931562c800, 0x0000019315fdf800,
0x0000019315fe4000, 0x00000193160ed800, 0x000001931680f800, 0x0000019316a3f000,
0x00000193176bc000, 0x000001931764a000, 0x00000193170d8000
}

Java Threads: ( => current thread )
  0x0000019377e6c000 JavaThread "main" [_thread_in_native, id=6788, stack(0x0000002792c00000,0x0000002792d00000)]
  0x0000019315613800 JavaThread "Reference Handler" daemon [_thread_blocked, id=10064, stack(0x0000002793300000,0x0000002793400000)]
  0x000001931561e800 JavaThread "Finalizer" daemon [_thread_blocked, id=3196, stack(0x0000002793400000,0x0000002793500000)]
  0x0000019315f92800 JavaThread "Signal Dispatcher" daemon [_thread_blocked, id=11704, stack(0x0000002793500000,0x0000002793600000)]
  0x0000019315f93000 JavaThread "Attach Listener" daemon [_thread_blocked, id=9520, stack(0x0000002793600000,0x0000002793700000)]
  0x0000019315629800 JavaThread "Service Thread" daemon [_thread_blocked, id=7960, stack(0x0000002793700000,0x0000002793800000)]
=>0x000001931562c800 JavaThread "C2 CompilerThread0" daemon [_thread_in_native, id=5124, stack(0x0000002793800000,0x0000002793900000)]
  0x0000019315fdf800 JavaThread "C1 CompilerThread0" daemon [_thread_blocked, id=10528, stack(0x0000002793900000,0x0000002793a00000)]
  0x0000019315fe4000 JavaThread "Sweeper thread" daemon [_thread_blocked, id=9244, stack(0x0000002793a00000,0x0000002793b00000)]
  0x00000193160ed800 JavaThread "Common-Cleaner" daemon [_thread_blocked, id=6332, stack(0x0000002793c00000,0x0000002793d00000)]
  0x000001931680f800 JavaThread "ReaderThread" [_thread_in_native, id=10988, stack(0x0000002793f00000,0x0000002794000000)]
  0x0000019316a3f000 JavaThread "ForkJoinPool.commonPool-worker-3" daemon [_thread_blocked, id=14272, stack(0x0000002794300000,0x0000002794400000)]
  0x00000193176bc000 JavaThread "ForkJoinPool.commonPool-worker-5" daemon [_thread_blocked, id=12752, stack(0x0000002794400000,0x0000002794500000)]
  0x000001931764a000 JavaThread "ForkJoinPool.commonPool-worker-7" daemon [_thread_blocked, id=5732, stack(0x0000002794500000,0x0000002794600000)]
  0x00000193170d8000 JavaThread "C2 CompilerThread1" daemon [_thread_blocked, id=8492, stack(0x0000002794200000,0x0000002794300000)]

Other Threads:
  0x00000193155ef000 VMThread "VM Thread" [stack: 0x0000002793200000,0x0000002793300000] [id=4080]
  0x00000193160ef000 WatcherThread [stack: 0x0000002793b00000,0x0000002793c00000] [id=120]
  0x0000019377e80000 GCTaskThread "GC Thread#0" [stack: 0x0000002792d00000,0x0000002792e00000] [id=13360]
  0x000001931709a800 GCTaskThread "GC Thread#1" [stack: 0x0000002793d00000,0x0000002793e00000] [id=2216]
  0x00000193169f3000 GCTaskThread "GC Thread#2" [stack: 0x0000002794000000,0x0000002794100000] [id=14236]
  0x0000019316834800 GCTaskThread "GC Thread#3" [stack: 0x0000002794100000,0x0000002794200000] [id=11040]
  0x0000019377eb2800 ConcurrentGCThread "G1 Main Marker" [stack: 0x0000002792e00000,0x0000002792f00000] [id=14080]
  0x0000019377eb3800 ConcurrentGCThread "G1 Conc#0" [stack: 0x0000002792f00000,0x0000002793000000] [id=12740]
  0x0000019315460800 ConcurrentGCThread "G1 Refine#0" [stack: 0x0000002793000000,0x0000002793100000] [id=7516]
  0x0000019315461000 ConcurrentGCThread "G1 Young RemSet Sampling" [stack: 0x0000002793100000,0x0000002793200000] [id=14024]

Threads with active compile tasks:
C2 CompilerThread0     5106 3295   !   4       com.sun.beans.TypeResolver::resolve (261 bytes)

VM state:not at safepoint (normal execution)

VM Mutex/Monitor currently owned by a thread: None

Heap address: 0x0000000081a00000, size: 2022 MB, Compressed Oops mode: 32-bit
Narrow klass base: 0x0000000000000000, Narrow klass shift: 3
Compressed class space size: 1073741824 Address: 0x0000000100000000

Heap:
 garbage-first heap   total 131072K, used 20480K [0x0000000081a00000, 0x0000000100000000)
  region size 1024K, 3 young (3072K), 2 survivors (2048K)
 Metaspace       used 34864K, capacity 36298K, committed 36352K, reserved 1081344K
  class space    used 3938K, capacity 4579K, committed 4608K, reserved 1048576K
Heap Regions: E=young(eden), S=young(survivor), O=old, HS=humongous(starts), HC=humongous(continues), CS=collection set, F=free, A=archive, TAMS=top-at-mark-start (previous, next)
|   0|0x0000000081a00000, 0x0000000081b00000, 0x0000000081b00000|100%| O|  |TAMS 0x0000000081b00000, 0x0000000081a00000| Untracked 
|   1|0x0000000081b00000, 0x0000000081c00000, 0x0000000081c00000|100%| O|  |TAMS 0x0000000081c00000, 0x0000000081b00000| Untracked 
|   2|0x0000000081c00000, 0x0000000081d00000, 0x0000000081d00000|100%| O|  |TAMS 0x0000000081d00000, 0x0000000081c00000| Untracked 
|   3|0x0000000081d00000, 0x0000000081e00000, 0x0000000081e00000|100%| O|  |TAMS 0x0000000081e00000, 0x0000000081d00000| Untracked 
|   4|0x0000000081e00000, 0x0000000081f00000, 0x0000000081f00000|100%| O|  |TAMS 0x0000000081f00000, 0x0000000081e00000| Untracked 
|   5|0x0000000081f00000, 0x0000000082000000, 0x0000000082000000|100%| O|  |TAMS 0x0000000082000000, 0x0000000081f00000| Untracked 
|   6|0x0000000082000000, 0x0000000082100000, 0x0000000082100000|100%| O|  |TAMS 0x0000000082100000, 0x0000000082000000| Untracked 
|   7|0x0000000082100000, 0x0000000082200000, 0x0000000082200000|100%| O|  |TAMS 0x0000000082200000, 0x0000000082100000| Untracked 
|   8|0x0000000082200000, 0x0000000082300000, 0x0000000082300000|100%| O|  |TAMS 0x0000000082300000, 0x0000000082200000| Untracked 
|   9|0x0000000082300000, 0x0000000082400000, 0x0000000082400000|100%| O|  |TAMS 0x0000000082400000, 0x0000000082300000| Untracked 
|  10|0x0000000082400000, 0x0000000082500000, 0x0000000082500000|100%| O|  |TAMS 0x0000000082500000, 0x0000000082400000| Untracked 
|  11|0x0000000082500000, 0x0000000082600000, 0x0000000082600000|100%| O|  |TAMS 0x0000000082600000, 0x0000000082500000| Untracked 
|  12|0x0000000082600000, 0x0000000082700000, 0x0000000082700000|100%| O|  |TAMS 0x0000000082700000, 0x0000000082600000| Untracked 
|  13|0x0000000082700000, 0x0000000082800000, 0x0000000082800000|100%| O|  |TAMS 0x0000000082800000, 0x0000000082700000| Untracked 
|  14|0x0000000082800000, 0x0000000082900000, 0x0000000082900000|100%| O|  |TAMS 0x0000000082900000, 0x0000000082800000| Untracked 
|  15|0x0000000082900000, 0x0000000082a00000, 0x0000000082a00000|100%| O|  |TAMS 0x0000000082a00000, 0x0000000082900000| Untracked 
|  16|0x0000000082a00000, 0x0000000082b00000, 0x0000000082b00000|100%| O|  |TAMS 0x0000000082b00000, 0x0000000082a00000| Untracked 
|  17|0x0000000082b00000, 0x0000000082c00000, 0x0000000082c00000|100%| O|  |TAMS 0x0000000082c00000, 0x0000000082b00000| Untracked 
|  18|0x0000000082c00000, 0x0000000082c00000, 0x0000000082d00000|  0%| F|  |TAMS 0x0000000082c00000, 0x0000000082c00000| Untracked 
|  19|0x0000000082d00000, 0x0000000082d00000, 0x0000000082e00000|  0%| F|  |TAMS 0x0000000082d00000, 0x0000000082d00000| Untracked 
|  20|0x0000000082e00000, 0x0000000082e00000, 0x0000000082f00000|  0%| F|  |TAMS 0x0000000082e00000, 0x0000000082e00000| Untracked 
|  21|0x0000000082f00000, 0x0000000082f00000, 0x0000000083000000|  0%| F|  |TAMS 0x0000000082f00000, 0x0000000082f00000| Untracked 
|  22|0x0000000083000000, 0x0000000083000000, 0x0000000083100000|  0%| F|  |TAMS 0x0000000083000000, 0x0000000083000000| Untracked 
|  23|0x0000000083100000, 0x0000000083100000, 0x0000000083200000|  0%| F|  |TAMS 0x0000000083100000, 0x0000000083100000| Untracked 
|  24|0x0000000083200000, 0x0000000083200000, 0x0000000083300000|  0%| F|  |TAMS 0x0000000083200000, 0x0000000083200000| Untracked 
|  25|0x0000000083300000, 0x0000000083300000, 0x0000000083400000|  0%| F|  |TAMS 0x0000000083300000, 0x0000000083300000| Untracked 
|  26|0x0000000083400000, 0x0000000083400000, 0x0000000083500000|  0%| F|  |TAMS 0x0000000083400000, 0x0000000083400000| Untracked 
|  27|0x0000000083500000, 0x0000000083500000, 0x0000000083600000|  0%| F|  |TAMS 0x0000000083500000, 0x0000000083500000| Untracked 
|  28|0x0000000083600000, 0x0000000083600000, 0x0000000083700000|  0%| F|  |TAMS 0x0000000083600000, 0x0000000083600000| Untracked 
|  29|0x0000000083700000, 0x0000000083700000, 0x0000000083800000|  0%| F|  |TAMS 0x0000000083700000, 0x0000000083700000| Untracked 
|  30|0x0000000083800000, 0x0000000083800000, 0x0000000083900000|  0%| F|  |TAMS 0x0000000083800000, 0x0000000083800000| Untracked 
|  31|0x0000000083900000, 0x0000000083900000, 0x0000000083a00000|  0%| F|  |TAMS 0x0000000083900000, 0x0000000083900000| Untracked 
|  32|0x0000000083a00000, 0x0000000083a00000, 0x0000000083b00000|  0%| F|  |TAMS 0x0000000083a00000, 0x0000000083a00000| Untracked 
|  33|0x0000000083b00000, 0x0000000083b00000, 0x0000000083c00000|  0%| F|  |TAMS 0x0000000083b00000, 0x0000000083b00000| Untracked 
|  34|0x0000000083c00000, 0x0000000083c00000, 0x0000000083d00000|  0%| F|  |TAMS 0x0000000083c00000, 0x0000000083c00000| Untracked 
|  35|0x0000000083d00000, 0x0000000083d00000, 0x0000000083e00000|  0%| F|  |TAMS 0x0000000083d00000, 0x0000000083d00000| Untracked 
|  36|0x0000000083e00000, 0x0000000083e00000, 0x0000000083f00000|  0%| F|  |TAMS 0x0000000083e00000, 0x0000000083e00000| Untracked 
|  37|0x0000000083f00000, 0x0000000083f00000, 0x0000000084000000|  0%| F|  |TAMS 0x0000000083f00000, 0x0000000083f00000| Untracked 
|  38|0x0000000084000000, 0x0000000084000000, 0x0000000084100000|  0%| F|  |TAMS 0x0000000084000000, 0x0000000084000000| Untracked 
|  39|0x0000000084100000, 0x0000000084100000, 0x0000000084200000|  0%| F|  |TAMS 0x0000000084100000, 0x0000000084100000| Untracked 
|  40|0x0000000084200000, 0x0000000084200000, 0x0000000084300000|  0%| F|  |TAMS 0x0000000084200000, 0x0000000084200000| Untracked 
|  41|0x0000000084300000, 0x0000000084300000, 0x0000000084400000|  0%| F|  |TAMS 0x0000000084300000, 0x0000000084300000| Untracked 
|  42|0x0000000084400000, 0x0000000084400000, 0x0000000084500000|  0%| F|  |TAMS 0x0000000084400000, 0x0000000084400000| Untracked 
|  43|0x0000000084500000, 0x0000000084500000, 0x0000000084600000|  0%| F|  |TAMS 0x0000000084500000, 0x0000000084500000| Untracked 
|  44|0x0000000084600000, 0x0000000084600000, 0x0000000084700000|  0%| F|  |TAMS 0x0000000084600000, 0x0000000084600000| Untracked 
|  45|0x0000000084700000, 0x0000000084700000, 0x0000000084800000|  0%| F|  |TAMS 0x0000000084700000, 0x0000000084700000| Untracked 
|  46|0x0000000084800000, 0x0000000084800000, 0x0000000084900000|  0%| F|  |TAMS 0x0000000084800000, 0x0000000084800000| Untracked 
|  47|0x0000000084900000, 0x0000000084900000, 0x0000000084a00000|  0%| F|  |TAMS 0x0000000084900000, 0x0000000084900000| Untracked 
|  48|0x0000000084a00000, 0x0000000084a00000, 0x0000000084b00000|  0%| F|  |TAMS 0x0000000084a00000, 0x0000000084a00000| Untracked 
|  49|0x0000000084b00000, 0x0000000084b00000, 0x0000000084c00000|  0%| F|  |TAMS 0x0000000084b00000, 0x0000000084b00000| Untracked 
|  50|0x0000000084c00000, 0x0000000084c00000, 0x0000000084d00000|  0%| F|  |TAMS 0x0000000084c00000, 0x0000000084c00000| Untracked 
|  51|0x0000000084d00000, 0x0000000084d00000, 0x0000000084e00000|  0%| F|  |TAMS 0x0000000084d00000, 0x0000000084d00000| Untracked 
|  52|0x0000000084e00000, 0x0000000084e00000, 0x0000000084f00000|  0%| F|  |TAMS 0x0000000084e00000, 0x0000000084e00000| Untracked 
|  53|0x0000000084f00000, 0x0000000084f00000, 0x0000000085000000|  0%| F|  |TAMS 0x0000000084f00000, 0x0000000084f00000| Untracked 
|  54|0x0000000085000000, 0x0000000085000000, 0x0000000085100000|  0%| F|  |TAMS 0x0000000085000000, 0x0000000085000000| Untracked 
|  55|0x0000000085100000, 0x0000000085100000, 0x0000000085200000|  0%| F|  |TAMS 0x0000000085100000, 0x0000000085100000| Untracked 
|  56|0x0000000085200000, 0x0000000085200000, 0x0000000085300000|  0%| F|  |TAMS 0x0000000085200000, 0x0000000085200000| Untracked 
|  57|0x0000000085300000, 0x0000000085300000, 0x0000000085400000|  0%| F|  |TAMS 0x0000000085300000, 0x0000000085300000| Untracked 
|  58|0x0000000085400000, 0x0000000085400000, 0x0000000085500000|  0%| F|  |TAMS 0x0000000085400000, 0x0000000085400000| Untracked 
|  59|0x0000000085500000, 0x0000000085500000, 0x0000000085600000|  0%| F|  |TAMS 0x0000000085500000, 0x0000000085500000| Untracked 
|  60|0x0000000085600000, 0x0000000085600000, 0x0000000085700000|  0%| F|  |TAMS 0x0000000085600000, 0x0000000085600000| Untracked 
|  61|0x0000000085700000, 0x0000000085700000, 0x0000000085800000|  0%| F|  |TAMS 0x0000000085700000, 0x0000000085700000| Untracked 
|  62|0x0000000085800000, 0x0000000085800000, 0x0000000085900000|  0%| F|  |TAMS 0x0000000085800000, 0x0000000085800000| Untracked 
|  63|0x0000000085900000, 0x0000000085900000, 0x0000000085a00000|  0%| F|  |TAMS 0x0000000085900000, 0x0000000085900000| Untracked 
|  64|0x0000000085a00000, 0x0000000085a00000, 0x0000000085b00000|  0%| F|  |TAMS 0x0000000085a00000, 0x0000000085a00000| Untracked 
|  65|0x0000000085b00000, 0x0000000085b00000, 0x0000000085c00000|  0%| F|  |TAMS 0x0000000085b00000, 0x0000000085b00000| Untracked 
|  66|0x0000000085c00000, 0x0000000085c00000, 0x0000000085d00000|  0%| F|  |TAMS 0x0000000085c00000, 0x0000000085c00000| Untracked 
|  67|0x0000000085d00000, 0x0000000085d00000, 0x0000000085e00000|  0%| F|  |TAMS 0x0000000085d00000, 0x0000000085d00000| Untracked 
|  68|0x0000000085e00000, 0x0000000085e00000, 0x0000000085f00000|  0%| F|  |TAMS 0x0000000085e00000, 0x0000000085e00000| Untracked 
|  69|0x0000000085f00000, 0x0000000085f00000, 0x0000000086000000|  0%| F|  |TAMS 0x0000000085f00000, 0x0000000085f00000| Untracked 
|  70|0x0000000086000000, 0x0000000086000000, 0x0000000086100000|  0%| F|  |TAMS 0x0000000086000000, 0x0000000086000000| Untracked 
|  71|0x0000000086100000, 0x0000000086100000, 0x0000000086200000|  0%| F|  |TAMS 0x0000000086100000, 0x0000000086100000| Untracked 
|  72|0x0000000086200000, 0x0000000086200000, 0x0000000086300000|  0%| F|  |TAMS 0x0000000086200000, 0x0000000086200000| Untracked 
|  73|0x0000000086300000, 0x0000000086300000, 0x0000000086400000|  0%| F|  |TAMS 0x0000000086300000, 0x0000000086300000| Untracked 
|  74|0x0000000086400000, 0x0000000086400000, 0x0000000086500000|  0%| F|  |TAMS 0x0000000086400000, 0x0000000086400000| Untracked 
|  75|0x0000000086500000, 0x0000000086500000, 0x0000000086600000|  0%| F|  |TAMS 0x0000000086500000, 0x0000000086500000| Untracked 
|  76|0x0000000086600000, 0x0000000086600000, 0x0000000086700000|  0%| F|  |TAMS 0x0000000086600000, 0x0000000086600000| Untracked 
|  77|0x0000000086700000, 0x0000000086700000, 0x0000000086800000|  0%| F|  |TAMS 0x0000000086700000, 0x0000000086700000| Untracked 
|  78|0x0000000086800000, 0x0000000086800000, 0x0000000086900000|  0%| F|  |TAMS 0x0000000086800000, 0x0000000086800000| Untracked 
|  79|0x0000000086900000, 0x0000000086900000, 0x0000000086a00000|  0%| F|  |TAMS 0x0000000086900000, 0x0000000086900000| Untracked 
|  80|0x0000000086a00000, 0x0000000086a00000, 0x0000000086b00000|  0%| F|  |TAMS 0x0000000086a00000, 0x0000000086a00000| Untracked 
|  81|0x0000000086b00000, 0x0000000086b00000, 0x0000000086c00000|  0%| F|  |TAMS 0x0000000086b00000, 0x0000000086b00000| Untracked 
|  82|0x0000000086c00000, 0x0000000086c00000, 0x0000000086d00000|  0%| F|  |TAMS 0x0000000086c00000, 0x0000000086c00000| Untracked 
|  83|0x0000000086d00000, 0x0000000086d00000, 0x0000000086e00000|  0%| F|  |TAMS 0x0000000086d00000, 0x0000000086d00000| Untracked 
|  84|0x0000000086e00000, 0x0000000086e00000, 0x0000000086f00000|  0%| F|  |TAMS 0x0000000086e00000, 0x0000000086e00000| Untracked 
|  85|0x0000000086f00000, 0x0000000086f00000, 0x0000000087000000|  0%| F|  |TAMS 0x0000000086f00000, 0x0000000086f00000| Untracked 
|  86|0x0000000087000000, 0x0000000087000000, 0x0000000087100000|  0%| F|  |TAMS 0x0000000087000000, 0x0000000087000000| Untracked 
|  87|0x0000000087100000, 0x0000000087100000, 0x0000000087200000|  0%| F|  |TAMS 0x0000000087100000, 0x0000000087100000| Untracked 
|  88|0x0000000087200000, 0x0000000087200000, 0x0000000087300000|  0%| F|  |TAMS 0x0000000087200000, 0x0000000087200000| Untracked 
|  89|0x0000000087300000, 0x0000000087300000, 0x0000000087400000|  0%| F|  |TAMS 0x0000000087300000, 0x0000000087300000| Untracked 
|  90|0x0000000087400000, 0x0000000087400000, 0x0000000087500000|  0%| F|  |TAMS 0x0000000087400000, 0x0000000087400000| Untracked 
|  91|0x0000000087500000, 0x0000000087500000, 0x0000000087600000|  0%| F|  |TAMS 0x0000000087500000, 0x0000000087500000| Untracked 
|  92|0x0000000087600000, 0x0000000087600000, 0x0000000087700000|  0%| F|  |TAMS 0x0000000087600000, 0x0000000087600000| Untracked 
|  93|0x0000000087700000, 0x0000000087700000, 0x0000000087800000|  0%| F|  |TAMS 0x0000000087700000, 0x0000000087700000| Untracked 
|  94|0x0000000087800000, 0x0000000087800000, 0x0000000087900000|  0%| F|  |TAMS 0x0000000087800000, 0x0000000087800000| Untracked 
|  95|0x0000000087900000, 0x0000000087900000, 0x0000000087a00000|  0%| F|  |TAMS 0x0000000087900000, 0x0000000087900000| Untracked 
|  96|0x0000000087a00000, 0x0000000087a00000, 0x0000000087b00000|  0%| F|  |TAMS 0x0000000087a00000, 0x0000000087a00000| Untracked 
|  97|0x0000000087b00000, 0x0000000087b00000, 0x0000000087c00000|  0%| F|  |TAMS 0x0000000087b00000, 0x0000000087b00000| Untracked 
|  98|0x0000000087c00000, 0x0000000087c00000, 0x0000000087d00000|  0%| F|  |TAMS 0x0000000087c00000, 0x0000000087c00000| Untracked 
|  99|0x0000000087d00000, 0x0000000087d00000, 0x0000000087e00000|  0%| F|  |TAMS 0x0000000087d00000, 0x0000000087d00000| Untracked 
| 100|0x0000000087e00000, 0x0000000087e00000, 0x0000000087f00000|  0%| F|  |TAMS 0x0000000087e00000, 0x0000000087e00000| Untracked 
| 101|0x0000000087f00000, 0x0000000087f00000, 0x0000000088000000|  0%| F|  |TAMS 0x0000000087f00000, 0x0000000087f00000| Untracked 
| 102|0x0000000088000000, 0x0000000088000000, 0x0000000088100000|  0%| F|  |TAMS 0x0000000088000000, 0x0000000088000000| Untracked 
| 103|0x0000000088100000, 0x0000000088100000, 0x0000000088200000|  0%| F|  |TAMS 0x0000000088100000, 0x0000000088100000| Untracked 
| 104|0x0000000088200000, 0x0000000088200000, 0x0000000088300000|  0%| F|  |TAMS 0x0000000088200000, 0x0000000088200000| Untracked 
| 105|0x0000000088300000, 0x0000000088300000, 0x0000000088400000|  0%| F|  |TAMS 0x0000000088300000, 0x0000000088300000| Untracked 
| 106|0x0000000088400000, 0x0000000088400000, 0x0000000088500000|  0%| F|  |TAMS 0x0000000088400000, 0x0000000088400000| Untracked 
| 107|0x0000000088500000, 0x0000000088500000, 0x0000000088600000|  0%| F|  |TAMS 0x0000000088500000, 0x0000000088500000| Untracked 
| 108|0x0000000088600000, 0x0000000088600000, 0x0000000088700000|  0%| F|  |TAMS 0x0000000088600000, 0x0000000088600000| Untracked 
| 109|0x0000000088700000, 0x0000000088700000, 0x0000000088800000|  0%| F|  |TAMS 0x0000000088700000, 0x0000000088700000| Untracked 
| 110|0x0000000088800000, 0x0000000088800000, 0x0000000088900000|  0%| F|  |TAMS 0x0000000088800000, 0x0000000088800000| Untracked 
| 111|0x0000000088900000, 0x0000000088900000, 0x0000000088a00000|  0%| F|  |TAMS 0x0000000088900000, 0x0000000088900000| Untracked 
| 112|0x0000000088a00000, 0x0000000088a00000, 0x0000000088b00000|  0%| F|  |TAMS 0x0000000088a00000, 0x0000000088a00000| Untracked 
| 113|0x0000000088b00000, 0x0000000088b00000, 0x0000000088c00000|  0%| F|  |TAMS 0x0000000088b00000, 0x0000000088b00000| Untracked 
| 114|0x0000000088c00000, 0x0000000088c00000, 0x0000000088d00000|  0%| F|  |TAMS 0x0000000088c00000, 0x0000000088c00000| Untracked 
| 115|0x0000000088d00000, 0x0000000088e00000, 0x0000000088e00000|100%| S|CS|TAMS 0x0000000088d00000, 0x0000000088d00000| Complete 
| 116|0x0000000088e00000, 0x0000000088f00000, 0x0000000088f00000|100%| S|CS|TAMS 0x0000000088e00000, 0x0000000088e00000| Complete 
| 117|0x0000000088f00000, 0x0000000088f00000, 0x0000000089000000|  0%| F|  |TAMS 0x0000000088f00000, 0x0000000088f00000| Untracked 
| 118|0x0000000089000000, 0x0000000089000000, 0x0000000089100000|  0%| F|  |TAMS 0x0000000089000000, 0x0000000089000000| Untracked 
| 119|0x0000000089100000, 0x0000000089100000, 0x0000000089200000|  0%| F|  |TAMS 0x0000000089100000, 0x0000000089100000| Untracked 
| 120|0x0000000089200000, 0x0000000089200000, 0x0000000089300000|  0%| F|  |TAMS 0x0000000089200000, 0x0000000089200000| Untracked 
| 121|0x0000000089300000, 0x0000000089300000, 0x0000000089400000|  0%| F|  |TAMS 0x0000000089300000, 0x0000000089300000| Untracked 
| 122|0x0000000089400000, 0x0000000089400000, 0x0000000089500000|  0%| F|  |TAMS 0x0000000089400000, 0x0000000089400000| Untracked 
| 123|0x0000000089500000, 0x0000000089500000, 0x0000000089600000|  0%| F|  |TAMS 0x0000000089500000, 0x0000000089500000| Untracked 
| 124|0x0000000089600000, 0x0000000089600000, 0x0000000089700000|  0%| F|  |TAMS 0x0000000089600000, 0x0000000089600000| Untracked 
| 125|0x0000000089700000, 0x0000000089700000, 0x0000000089800000|  0%| F|  |TAMS 0x0000000089700000, 0x0000000089700000| Untracked 
| 126|0x0000000089800000, 0x0000000089800000, 0x0000000089900000|  0%| F|  |TAMS 0x0000000089800000, 0x0000000089800000| Untracked 
| 127|0x0000000089900000, 0x000000008999a898, 0x0000000089a00000| 60%| E|  |TAMS 0x0000000089900000, 0x0000000089900000| Complete 

Card table byte_map: [0x000001937f940000,0x000001937fd40000] _byte_map_base: 0x000001937f533000

Marking Bits (Prev, Next): (CMBitMap*) 0x0000019377ea8b18, (CMBitMap*) 0x0000019377ea8b50
 Prev Bits: [0x000001930f400000, 0x0000019311398000)
 Next Bits: [0x00000193113a0000, 0x0000019313338000)

Polling page: 0x0000019377640000

Metaspace:

Usage:
  Non-class:     30.98 MB capacity,    30.20 MB ( 98%) used,   678.45 KB (  2%) free+waste,   114.00 KB ( <1%) overhead. 
      Class:      4.47 MB capacity,     3.85 MB ( 86%) used,   580.70 KB ( 13%) free+waste,    60.19 KB (  1%) overhead. 
       Both:     35.45 MB capacity,    34.05 MB ( 96%) used,     1.23 MB (  3%) free+waste,   174.19 KB ( <1%) overhead. 

Virtual space:
  Non-class space:       32.00 MB reserved,      31.00 MB ( 97%) committed 
      Class space:        1.00 GB reserved,       4.50 MB ( <1%) committed 
             Both:        1.03 GB reserved,      35.50 MB (  3%) committed 

Chunk freelists:
   Non-Class:  3.12 KB
       Class:  3.62 KB
        Both:  6.75 KB

CodeHeap 'non-profiled nmethods': size=120064Kb used=1520Kb max_used=1520Kb free=118543Kb
 bounds [0x0000019307ac0000, 0x0000019307d30000, 0x000001930f000000]
CodeHeap 'profiled nmethods': size=120000Kb used=6911Kb max_used=6911Kb free=113088Kb
 bounds [0x0000019300590000, 0x0000019300c50000, 0x0000019307ac0000]
CodeHeap 'non-nmethods': size=5696Kb used=2234Kb max_used=2265Kb free=3461Kb
 bounds [0x0000019300000000, 0x0000019300270000, 0x0000019300590000]
 total_blobs=4173 nmethods=3365 adapters=719
 compilation: enabled
              stopped_count=0, restarted_count=0
 full_count=0

Compilation events (10 events):
Event: 5.054 Thread 0x0000019315fdf800 3371       3       sun.security.ec.XECOperations::cswap (9 bytes)
Event: 5.054 Thread 0x0000019315fdf800 nmethod 3371 0x0000019300c4ea90 code [0x0000019300c4ec40, 0x0000019300c4ede8]
Event: 5.055 Thread 0x0000019315fdf800 3372       3       sun.security.util.math.intpoly.IntegerPolynomial$MutableElement::conditionalSwapWith (38 bytes)
Event: 5.055 Thread 0x0000019315fdf800 nmethod 3372 0x0000019300c4ee90 code [0x0000019300c4f040, 0x0000019300c4f288]
Event: 5.055 Thread 0x0000019315fdf800 3374       3       sun.security.util.math.intpoly.IntegerPolynomial::multByInt (30 bytes)
Event: 5.056 Thread 0x0000019315fdf800 nmethod 3374 0x0000019300c4f390 code [0x0000019300c4f540, 0x0000019300c4f7c8]
Event: 5.056 Thread 0x0000019315fdf800 3375       3       java.math.BigInteger::testBit (38 bytes)
Event: 5.056 Thread 0x0000019315fdf800 nmethod 3375 0x0000019300c4f910 code [0x0000019300c4fac0, 0x0000019300c4fd78]
Event: 5.058 Thread 0x00000193170d8000 nmethod 3352 0x0000019307c3a810 code [0x0000019307c3a9c0, 0x0000019307c3aed8]
Event: 5.058 Thread 0x00000193170d8000 3373       4       sun.security.util.math.intpoly.IntegerPolynomial::carry (36 bytes)

GC Heap History (10 events):
Event: 1.887 GC heap before
{Heap before GC invocations=1 (full 0):
 garbage-first heap   total 131072K, used 13103K [0x0000000081a00000, 0x0000000100000000)
  region size 1024K, 11 young (11264K), 2 survivors (2048K)
 Metaspace       used 14547K, capacity 15054K, committed 15360K, reserved 1062912K
  class space    used 1512K, capacity 1721K, committed 1792K, reserved 1048576K
}
Event: 1.892 GC heap after
{Heap after GC invocations=2 (full 0):
 garbage-first heap   total 131072K, used 4679K [0x0000000081a00000, 0x0000000100000000)
  region size 1024K, 1 young (1024K), 1 survivors (1024K)
 Metaspace       used 14547K, capacity 15054K, committed 15360K, reserved 1062912K
  class space    used 1512K, capacity 1721K, committed 1792K, reserved 1048576K
}
Event: 2.608 GC heap before
{Heap before GC invocations=2 (full 0):
 garbage-first heap   total 131072K, used 26183K [0x0000000081a00000, 0x0000000100000000)
  region size 1024K, 24 young (24576K), 1 survivors (1024K)
 Metaspace       used 20458K, capacity 21183K, committed 21248K, reserved 1069056K
  class space    used 2172K, capacity 2497K, committed 2560K, reserved 1048576K
}
Event: 2.615 GC heap after
{Heap after GC invocations=3 (full 0):
 garbage-first heap   total 131072K, used 7255K [0x0000000081a00000, 0x0000000100000000)
  region size 1024K, 4 young (4096K), 4 survivors (4096K)
 Metaspace       used 20458K, capacity 21183K, committed 21248K, reserved 1069056K
  class space    used 2172K, capacity 2497K, committed 2560K, reserved 1048576K
}
Event: 3.622 GC heap before
{Heap before GC invocations=4 (full 0):
 garbage-first heap   total 131072K, used 45143K [0x0000000081a00000, 0x0000000100000000)
  region size 1024K, 39 young (39936K), 4 survivors (4096K)
 Metaspace       used 26692K, capacity 27540K, committed 27776K, reserved 1073152K
  class space    used 2813K, capacity 3130K, committed 3200K, reserved 1048576K
}
Event: 3.635 GC heap after
{Heap after GC invocations=5 (full 0):
 garbage-first heap   total 131072K, used 12240K [0x0000000081a00000, 0x0000000100000000)
  region size 1024K, 5 young (5120K), 5 survivors (5120K)
 Metaspace       used 26692K, capacity 27540K, committed 27776K, reserved 1073152K
  class space    used 2813K, capacity 3130K, committed 3200K, reserved 1048576K
}
Event: 4.523 GC heap before
{Heap before GC invocations=5 (full 0):
 garbage-first heap   total 131072K, used 67536K [0x0000000081a00000, 0x0000000100000000)
  region size 1024K, 59 young (60416K), 5 survivors (5120K)
 Metaspace       used 31934K, capacity 33169K, committed 33280K, reserved 1079296K
  class space    used 3513K, capacity 4035K, committed 4096K, reserved 1048576K
}
Event: 4.544 GC heap after
{Heap after GC invocations=6 (full 0):
 garbage-first heap   total 131072K, used 19318K [0x0000000081a00000, 0x0000000100000000)
  region size 1024K, 7 young (7168K), 7 survivors (7168K)
 Metaspace       used 31934K, capacity 33169K, committed 33280K, reserved 1079296K
  class space    used 3513K, capacity 4035K, committed 4096K, reserved 1048576K
}
Event: 5.007 GC heap before
{Heap before GC invocations=6 (full 0):
 garbage-first heap   total 131072K, used 29558K [0x0000000081a00000, 0x0000000100000000)
  region size 1024K, 18 young (18432K), 7 survivors (7168K)
 Metaspace       used 34374K, capacity 35720K, committed 35840K, reserved 1081344K
  class space    used 3874K, capacity 4514K, committed 4608K, reserved 1048576K
}
Event: 5.021 GC heap after
{Heap after GC invocations=7 (full 0):
 garbage-first heap   total 131072K, used 20480K [0x0000000081a00000, 0x0000000100000000)
  region size 1024K, 2 young (2048K), 2 survivors (2048K)
 Metaspace       used 34374K, capacity 35720K, committed 35840K, reserved 1081344K
  class space    used 3874K, capacity 4514K, committed 4608K, reserved 1048576K
}

Deoptimization events (10 events):
Event: 4.407 Thread 0x0000019377e6c000 Uncommon trap: reason=unstable_if action=reinterpret pc=0x0000019307b66234 method=java.lang.ref.SoftReference.get()Ljava/lang/Object; @ 6 c2
Event: 4.605 Thread 0x0000019377e6c000 Uncommon trap: reason=profile_predicate action=maybe_recompile pc=0x0000019307bfb9d4 method=java.lang.PublicMethods$MethodList.filter([Ljava/lang/reflect/Method;Ljava/lang/String;[Ljava/lang/Class;Z)Ljava/lang/PublicMethods$MethodList; @ 21 c2
Event: 4.605 Thread 0x0000019377e6c000 Uncommon trap: reason=unstable_if action=reinterpret pc=0x0000019307c00c54 method=groovyjarjarasm.asm.Frame.execute(IILgroovyjarjarasm/asm/Symbol;Lgroovyjarjarasm/asm/SymbolTable;)V @ 2260 c2
Event: 4.620 Thread 0x0000019377e6c000 Uncommon trap: reason=profile_predicate action=maybe_recompile pc=0x0000019307bfb9d4 method=java.lang.PublicMethods$MethodList.filter([Ljava/lang/reflect/Method;Ljava/lang/String;[Ljava/lang/Class;Z)Ljava/lang/PublicMethods$MethodList; @ 21 c2
Event: 4.621 Thread 0x0000019377e6c000 Uncommon trap: reason=profile_predicate action=maybe_recompile pc=0x0000019307bfb9d4 method=java.lang.PublicMethods$MethodList.filter([Ljava/lang/reflect/Method;Ljava/lang/String;[Ljava/lang/Class;Z)Ljava/lang/PublicMethods$MethodList; @ 21 c2
Event: 4.621 Thread 0x0000019377e6c000 Uncommon trap: reason=class_check action=maybe_recompile pc=0x0000019307afac84 method=java.lang.invoke.LambdaForm$Name.replaceNames([Ljava/lang/invoke/LambdaForm$Name;[Ljava/lang/invoke/LambdaForm$Name;II)Ljava/lang/invoke/LambdaForm$Name; @ 33 c2
Event: 4.621 Thread 0x0000019377e6c000 Uncommon trap: reason=class_check action=maybe_recompile pc=0x0000019307afac84 method=java.lang.invoke.LambdaForm$Name.replaceNames([Ljava/lang/invoke/LambdaForm$Name;[Ljava/lang/invoke/LambdaForm$Name;II)Ljava/lang/invoke/LambdaForm$Name; @ 33 c2
Event: 4.621 Thread 0x0000019377e6c000 Uncommon trap: reason=unstable_if action=reinterpret pc=0x0000019307b3335c method=java.lang.invoke.InvokerBytecodeGenerator.isStaticallyNameable(Ljava/lang/Class;)Z @ 44 c2
Event: 4.698 Thread 0x0000019377e6c000 Uncommon trap: reason=bimorphic_or_optimized_type_check action=maybe_recompile pc=0x0000019307b4acb0 method=java.util.HashMap.putVal(ILjava/lang/Object;Ljava/lang/Object;ZZ)Ljava/lang/Object; @ 253 c2
Event: 4.990 Thread 0x0000019377e6c000 Uncommon trap: reason=unstable_if action=reinterpret pc=0x0000019307bee360 method=java.util.HashMap.putVal(ILjava/lang/Object;Ljava/lang/Object;ZZ)Ljava/lang/Object; @ 162 c2

Classes redefined (0 events):
No events

Internal exceptions (10 events):
Event: 4.654 Thread 0x0000019377e6c000 Exception <a 'java/lang/ClassNotFoundException'{0x00000000894a2cb0}: io/restassured/internal/RestAssuredResponseOptionsImplCustomizer> (0x00000000894a2cb0) thrown at [./open/src/hotspot/share/classfile/systemDictionary.cpp, line 226]
Event: 4.660 Thread 0x0000019377e6c000 Exception <a 'java/lang/ClassNotFoundException'{0x00000000894e5058}: io/restassured/internal/RestAssuredResponseImplCustomizer> (0x00000000894e5058) thrown at [./open/src/hotspot/share/classfile/systemDictionary.cpp, line 226]
Event: 4.668 Thread 0x0000019377e6c000 Exception <a 'java/lang/ClassNotFoundException'{0x0000000089321f10}: io/restassured/internal/RestAssuredResponseOptionsGroovyImplBeanInfo> (0x0000000089321f10) thrown at [./open/src/hotspot/share/classfile/systemDictionary.cpp, line 226]
Event: 4.669 Thread 0x0000019377e6c000 Exception <a 'java/lang/ClassNotFoundException'{0x000000008932eb18}: io/restassured/internal/RestAssuredResponseOptionsGroovyImplCustomizer> (0x000000008932eb18) thrown at [./open/src/hotspot/share/classfile/systemDictionary.cpp, line 226]
Event: 4.678 Thread 0x0000019377e6c000 Exception <a 'java/lang/ClassNotFoundException'{0x00000000893c2640}: groovy/lang/GroovyObjectBeanInfo> (0x00000000893c2640) thrown at [./open/src/hotspot/share/classfile/systemDictionary.cpp, line 226]
Event: 4.679 Thread 0x0000019377e6c000 Exception <a 'java/lang/ClassNotFoundException'{0x00000000893d8610}: groovy/lang/GroovyObjectCustomizer> (0x00000000893d8610) thrown at [./open/src/hotspot/share/classfile/systemDictionary.cpp, line 226]
Event: 4.683 Thread 0x0000019377e6c000 Exception <a 'java/lang/ClassNotFoundException'{0x0000000089209b60}: io/restassured/config/SSLConfigBeanInfo> (0x0000000089209b60) thrown at [./open/src/hotspot/share/classfile/systemDictionary.cpp, line 226]
Event: 4.684 Thread 0x0000019377e6c000 Exception <a 'java/lang/ClassNotFoundException'{0x0000000089214130}: io/restassured/config/SSLConfigCustomizer> (0x0000000089214130) thrown at [./open/src/hotspot/share/classfile/systemDictionary.cpp, line 226]
Event: 4.759 Thread 0x0000019377e6c000 Exception <a 'java/lang/ClassNotFoundException'{0x0000000089023a38}: sun/net/spi/DefaultProxySelectorBeanInfo> (0x0000000089023a38) thrown at [./open/src/hotspot/share/classfile/systemDictionary.cpp, line 226]
Event: 4.759 Thread 0x0000019377e6c000 Exception <a 'java/lang/ClassNotFoundException'{0x00000000890257c0}: sun/net/spi/DefaultProxySelectorCustomizer> (0x00000000890257c0) thrown at [./open/src/hotspot/share/classfile/systemDictionary.cpp, line 226]

Events (10 events):
Event: 5.059 loading class sun/security/ssl/KeyShareExtension$KeyShareEntry
Event: 5.059 loading class sun/security/ssl/KeyShareExtension$KeyShareEntry done
Event: 5.059 loading class sun/security/ssl/XDHKeyExchange$1
Event: 5.059 loading class sun/security/ssl/XDHKeyExchange$1 done
Event: 5.059 loading class sun/security/ssl/KeyShareExtension$CHKeyShareSpec
Event: 5.059 loading class sun/security/ssl/KeyShareExtension$CHKeyShareSpec done
Event: 5.059 loading class sun/security/ssl/OutputRecord$T13PaddingHolder
Event: 5.059 loading class sun/security/ssl/OutputRecord$T13PaddingHolder done
Event: 5.060 loading class sun/security/ssl/ContentType
Event: 5.060 loading class sun/security/ssl/ContentType done


Dynamic libraries:
0x00007ff623e70000 - 0x00007ff623e80000 	C:\Program Files\Java\jdk-11\bin\javaw.exe
0x00007ffed62d0000 - 0x00007ffed64c8000 	C:\WINDOWS\SYSTEM32\ntdll.dll
0x00007ffed49d0000 - 0x00007ffed4a8d000 	C:\WINDOWS\System32\KERNEL32.DLL
0x00007ffed3a80000 - 0x00007ffed3d76000 	C:\WINDOWS\System32\KERNELBASE.dll
0x00007ffed4100000 - 0x00007ffed4200000 	C:\WINDOWS\System32\ucrtbase.dll
0x00007ffeb6570000 - 0x00007ffeb6588000 	C:\Program Files\Java\jdk-11\bin\jli.dll
0x00007ffed5d50000 - 0x00007ffed5e03000 	C:\WINDOWS\System32\ADVAPI32.dll
0x00007ffed5fb0000 - 0x00007ffed604e000 	C:\WINDOWS\System32\msvcrt.dll
0x00007ffed5460000 - 0x00007ffed54ff000 	C:\WINDOWS\System32\sechost.dll
0x00007ffed6100000 - 0x00007ffed6226000 	C:\WINDOWS\System32\RPCRT4.dll
0x00007ffed3a50000 - 0x00007ffed3a77000 	C:\WINDOWS\System32\bcrypt.dll
0x00007ffed5e10000 - 0x00007ffed5fae000 	C:\WINDOWS\System32\USER32.dll
0x00007ffed3d80000 - 0x00007ffed3da2000 	C:\WINDOWS\System32\win32u.dll
0x00007ffed4380000 - 0x00007ffed43ac000 	C:\WINDOWS\System32\GDI32.dll
0x00007ffed4200000 - 0x00007ffed431a000 	C:\WINDOWS\System32\gdi32full.dll
0x00007ffed3db0000 - 0x00007ffed3e4d000 	C:\WINDOWS\System32\msvcp_win.dll
0x00007ffeb6550000 - 0x00007ffeb656b000 	C:\Program Files\Java\jdk-11\bin\VCRUNTIME140.dll
0x00007ffec4f00000 - 0x00007ffec519a000 	C:\WINDOWS\WinSxS\amd64_microsoft.windows.common-controls_6595b64144ccf1df_6.0.19041.3636_none_60b6a03d71f818d5\COMCTL32.dll
0x00007ffecaa90000 - 0x00007ffecaa9a000 	C:\WINDOWS\SYSTEM32\VERSION.dll
0x00007ffed57d0000 - 0x00007ffed5800000 	C:\WINDOWS\System32\IMM32.DLL
0x00007ffeb63d0000 - 0x00007ffeb63dc000 	C:\Program Files\Java\jdk-11\bin\vcruntime140_1.dll
0x00007ffeb6340000 - 0x00007ffeb63ce000 	C:\Program Files\Java\jdk-11\bin\msvcp140.dll
0x00007ffeb57d0000 - 0x00007ffeb6338000 	C:\Program Files\Java\jdk-11\bin\server\jvm.dll
0x00007ffed5760000 - 0x00007ffed5768000 	C:\WINDOWS\System32\PSAPI.DLL
0x00007ffec0f90000 - 0x00007ffec0f99000 	C:\WINDOWS\SYSTEM32\WSOCK32.dll
0x00007ffed53f0000 - 0x00007ffed545b000 	C:\WINDOWS\System32\WS2_32.dll
0x00007ffec4d20000 - 0x00007ffec4d47000 	C:\WINDOWS\SYSTEM32\WINMM.dll
0x00007ffed2460000 - 0x00007ffed2472000 	C:\WINDOWS\SYSTEM32\kernel.appcore.dll
0x00007ffeb57c0000 - 0x00007ffeb57d0000 	C:\Program Files\Java\jdk-11\bin\verify.dll
0x00007ffed1ec0000 - 0x00007ffed20a4000 	C:\WINDOWS\SYSTEM32\DBGHELP.DLL
0x00007ffebc470000 - 0x00007ffebc4a4000 	C:\WINDOWS\SYSTEM32\dbgcore.DLL
0x00007ffed4070000 - 0x00007ffed40f2000 	C:\WINDOWS\System32\bcryptPrimitives.dll
0x00007ffeb5790000 - 0x00007ffeb57b8000 	C:\Program Files\Java\jdk-11\bin\java.dll
0x00007ffeb5780000 - 0x00007ffeb578a000 	C:\Program Files\Java\jdk-11\bin\jimage.dll
0x00007ffeb5760000 - 0x00007ffeb5777000 	C:\Program Files\Java\jdk-11\bin\zip.dll
0x00007ffed4b70000 - 0x00007ffed52b5000 	C:\WINDOWS\System32\SHELL32.dll
0x00007ffed1620000 - 0x00007ffed1dbb000 	C:\WINDOWS\SYSTEM32\windows.storage.dll
0x00007ffed5800000 - 0x00007ffed5b54000 	C:\WINDOWS\System32\combase.dll
0x00007ffed33d0000 - 0x00007ffed33fd000 	C:\WINDOWS\SYSTEM32\Wldp.dll
0x00007ffed6050000 - 0x00007ffed60fd000 	C:\WINDOWS\System32\SHCORE.dll
0x00007ffed4320000 - 0x00007ffed4375000 	C:\WINDOWS\System32\shlwapi.dll
0x00007ffed38d0000 - 0x00007ffed38f5000 	C:\WINDOWS\SYSTEM32\profapi.dll
0x00007ffeb5720000 - 0x00007ffeb5739000 	C:\Program Files\Java\jdk-11\bin\net.dll
0x00007ffecb9c0000 - 0x00007ffecbaca000 	C:\WINDOWS\SYSTEM32\WINHTTP.dll
0x00007ffed3130000 - 0x00007ffed319a000 	C:\WINDOWS\system32\mswsock.dll
0x00007ffeb5700000 - 0x00007ffeb5712000 	C:\Program Files\Java\jdk-11\bin\nio.dll
0x00007ffed2de0000 - 0x00007ffed2eaa000 	C:\WINDOWS\SYSTEM32\DNSAPI.dll
0x00007ffed2d50000 - 0x00007ffed2d8b000 	C:\WINDOWS\SYSTEM32\IPHLPAPI.DLL
0x00007ffed4a90000 - 0x00007ffed4a98000 	C:\WINDOWS\System32\NSI.dll
0x00007ffec3a10000 - 0x00007ffec3a1a000 	C:\Windows\System32\rasadhlp.dll
0x00007ffec3990000 - 0x00007ffec3a10000 	C:\WINDOWS\System32\fwpuclnt.dll
0x00007ffed3320000 - 0x00007ffed3338000 	C:\WINDOWS\SYSTEM32\CRYPTSP.dll
0x00007ffed2990000 - 0x00007ffed29c4000 	C:\WINDOWS\system32\rsaenh.dll
0x00007ffed3850000 - 0x00007ffed387e000 	C:\WINDOWS\SYSTEM32\USERENV.dll
0x00007ffed3340000 - 0x00007ffed334c000 	C:\WINDOWS\SYSTEM32\CRYPTBASE.dll
0x00007ffecc550000 - 0x00007ffecc567000 	C:\WINDOWS\SYSTEM32\dhcpcsvc6.DLL
0x00007ffecd020000 - 0x00007ffecd03d000 	C:\WINDOWS\SYSTEM32\dhcpcsvc.DLL
0x00007ffeb4f50000 - 0x00007ffeb4f5d000 	C:\Program Files\Java\jdk-11\bin\sunmscapi.dll
0x00007ffed3e50000 - 0x00007ffed3fad000 	C:\WINDOWS\System32\CRYPT32.dll
0x00007ffed3440000 - 0x00007ffed3468000 	C:\WINDOWS\SYSTEM32\ncrypt.dll
0x00007ffed3400000 - 0x00007ffed343b000 	C:\WINDOWS\SYSTEM32\NTASN1.dll
0x00007ffeb4f20000 - 0x00007ffeb4f47000 	C:\Program Files\Java\jdk-11\bin\sunec.dll

dbghelp: loaded successfully - version: 4.0.5 - missing functions: none
symbol engine: initialized successfully - sym options: 0x614 - pdb path: .;C:\Program Files\Java\jdk-11\bin;C:\WINDOWS\SYSTEM32;C:\WINDOWS\WinSxS\amd64_microsoft.windows.common-controls_6595b64144ccf1df_6.0.19041.3636_none_60b6a03d71f818d5;C:\Program Files\Java\jdk-11\bin\server

VM Arguments:
jvm_args: -ea -Dfile.encoding=UTF-8 -Dstdout.encoding=UTF-8 -Dstderr.encoding=UTF-8 
java_command: org.testng.remote.RemoteTestNG -serport 56342 -protocol json -d C:\Users\gnsan\eclipse-workspace\ApiAutomationUsingRest-Assured\test-output C:\Users\gnsan\AppData\Local\Temp\testng-eclipse-1880283399\testng-customsuite.xml
java_class_path (initial): C:\Users\gnsan\eclipse\java-2023-12\eclipse\configuration\org.eclipse.osgi\533\0\.cp\lib\testng-remote.jar;C:\Users\gnsan\eclipse-workspace\ApiAutomationUsingRest-Assured\target\test-classes;C:\Users\gnsan\eclipse-workspace\ApiAutomationUsingRest-Assured\target\classes;C:\Users\gnsan\.m2\repository\io\rest-assured\rest-assured\5.4.0\rest-assured-5.4.0.jar;C:\Users\gnsan\.m2\repository\org\apache\groovy\groovy\4.0.16\groovy-4.0.16.jar;C:\Users\gnsan\.m2\repository\org\apache\groovy\groovy-xml\4.0.16\groovy-xml-4.0.16.jar;C:\Users\gnsan\.m2\repository\org\apache\httpcomponents\httpclient\4.5.13\httpclient-4.5.13.jar;C:\Users\gnsan\.m2\repository\org\apache\httpcomponents\httpcore\4.4.13\httpcore-4.4.13.jar;C:\Users\gnsan\.m2\repository\commons-logging\commons-logging\1.2\commons-logging-1.2.jar;C:\Users\gnsan\.m2\repository\commons-codec\commons-codec\1.11\commons-codec-1.11.jar;C:\Users\gnsan\.m2\repository\org\apache\httpcomponents\httpmime\4.5.13\httpmime-4.5.13.jar;C:\Users\gnsan\.m2\repository\org\hamcrest\hamcrest\2.2\hamcrest-2.2.jar;C:\Users\gnsan\.m2\repository\org\ccil\cowan\tagsoup\tagsoup\1.2.1\tagsoup-1.2.1.jar;C:\Users\gnsan\.m2\repository\io\rest-assured\xml-path\5.4.0\xml-path-5.4.0.jar;C:\Users\gnsan\.m2\repository\org\testng\testng\7.9.0\testng-7.9.0.jar;C:\Users\gnsan\.m2\repository\org\slf4j\slf4j-api\1.7.36\slf4j-api-1.7.36.jar;C:\Users\gnsan\.m2\repository\com\beust\jcommander\1.82\jcommander-1.82.jar;C:\Users\gnsan\.m2\repository\org\webjars\jquery\3.7.1\jquery-3.7.1.jar;C:\Users\gnsan\.m2\repository\io\rest-assured\json-path\5.4.0\json-path-5.4.0.jar;C:\Users\gnsan\.m2\repository\org\apache\groovy\groovy-json\4.0.16\groovy-json-4.0.16.jar;C:\Users\gnsan\.m2\repository\io\rest-assured\rest-assured-common\5.4.0\rest-assured-common-5.4.0.jar;C:\Users\gnsan\.m2\repository\com\google\code\gson\gson\2.10.1\gson-2.10.1.jar;C:\Users\gnsan\.m2\repository\org\json\json\20231013\json-20231013.jar;C:\Users\gnsan\.m2\repository\
Launcher Type: SUN_STANDARD

[Global flags]
     intx CICompilerCount                          = 3                                         {product} {ergonomic}
     uint ConcGCThreads                            = 1                                         {product} {ergonomic}
     uint G1ConcRefinementThreads                  = 4                                         {product} {ergonomic}
   size_t G1HeapRegionSize                         = 1048576                                   {product} {ergonomic}
    uintx GCDrainStackTargetSize                   = 64                                        {product} {ergonomic}
   size_t InitialHeapSize                          = 134217728                                 {product} {ergonomic}
   size_t MarkStackSize                            = 4194304                                   {product} {ergonomic}
   size_t MaxHeapSize                              = 2120220672                                {product} {ergonomic}
   size_t MaxNewSize                               = 1271922688                                {product} {ergonomic}
   size_t MinHeapDeltaBytes                        = 1048576                                   {product} {ergonomic}
    uintx NonNMethodCodeHeapSize                   = 5830732                                {pd product} {ergonomic}
    uintx NonProfiledCodeHeapSize                  = 122913754                              {pd product} {ergonomic}
    uintx ProfiledCodeHeapSize                     = 122913754                              {pd product} {ergonomic}
    uintx ReservedCodeCacheSize                    = 251658240                              {pd product} {ergonomic}
     bool SegmentedCodeCache                       = true                                      {product} {ergonomic}
     bool UseCompressedClassPointers               = true                                 {lp64_product} {ergonomic}
     bool UseCompressedOops                        = true                                 {lp64_product} {ergonomic}
     bool UseG1GC                                  = true                                      {product} {ergonomic}
     bool UseLargePagesIndividualAllocation        = false                                  {pd product} {ergonomic}

Logging:
Log output configuration:
 #0: stdout all=warning uptime,level,tags
 #1: stderr all=off uptime,level,tags

Environment Variables:
JAVA_HOME=C:\Program Files\Java\jdk-11
PATH=C:/Users/gnsan/.p2/pool/plugins/org.eclipse.justj.openjdk.hotspot.jre.full.win32.x86_64_17.0.10.v20240120-1143/jre/bin/server;C:/Users/gnsan/.p2/pool/plugins/org.eclipse.justj.openjdk.hotspot.jre.full.win32.x86_64_17.0.10.v20240120-1143/jre/bin;C:\Program Files\Common Files\Oracle\Java\javapath;C:\WINDOWS\system32;C:\WINDOWS;C:\WINDOWS\System32\Wbem;C:\WINDOWS\System32\WindowsPowerShell\v1.0\;C:\WINDOWS\System32\OpenSSH\;C:\Program Files\Java\jdk-11;C:\Program Files\Java\jdk-11\bin\;C:\Program Files\apache-maven-3.9.6;C:\Program Files\apache-maven-3.9.6\bin;C:\Program Files\Git\cmd;C:\Program Files\nodejs\;C:\Program Files\nodejs;C:\Program Files\nodejs\node_modules;C:\Users\gnsan\AppData\Local\Microsoft\WindowsApps;C:\Users\gnsan\AppData\Roaming\npm;C:\WINDOWS\System32;
USERNAME=gnsan
OS=Windows_NT
PROCESSOR_IDENTIFIER=Intel64 Family 6 Model 78 Stepping 3, GenuineIntel



---------------  S Y S T E M  ---------------

OS: Windows 10 , 64 bit Build 19041 (10.0.19041.3636)

CPU:total 4 (initial active 4) (2 cores per cpu, 2 threads per core) family 6 model 78 stepping 3 microcode 0xcc, cmov, cx8, fxsr, mmx, sse, sse2, sse3, ssse3, sse4.1, sse4.2, popcnt, avx, avx2, aes, clmul, erms, 3dnowpref, lzcnt, ht, tsc, tscinvbit, bmi1, bmi2, adx, fma

Memory: 4k page, system-wide physical 8083M (1237M free)
TotalPageFile size 10083M (AvailPageFile size 4M)
current process WorkingSet (physical memory assigned to process): 197M, peak: 198M
current process commit charge ("private bytes"): 274M, peak: 276M

vm_info: Java HotSpot(TM) 64-Bit Server VM (11.0.18+9-LTS-195) for windows-amd64 JRE (11.0.18+9-LTS-195), built on Dec  6 2022 15:50:58 by "mach5one" with MS VC++ 17.1 (VS2022)

END.
